<?xml version="1.0" encoding="UTF-8"?>
<testsuite name="test.java.co.ceiba.service.NotifyPersonServiceTest" tests="1" skipped="0" failures="0" errors="0" timestamp="2018-02-12T22:14:03" hostname="CARLOS-DIAZ" time="0.002">
  <properties/>
  <testcase name="notifyTest" classname="test.java.co.ceiba.service.NotifyPersonServiceTest" time="0.002"/>
  <system-out><![CDATA[]]></system-out>
  <system-err><![CDATA[]]></system-err>
</testsuite>
